  generator.cpp
C:\Users\jdtcs\OneDrive\Ambiente de Trabalho\Uni\3ano\CG\TrabalhoPratico\Projeto_CG_Fase4\code\generator.cpp(14,21): warning C4244: 'inicializando': conversão de 'double' para 'int', possível perda de dados
C:\Users\jdtcs\OneDrive\Ambiente de Trabalho\Uni\3ano\CG\TrabalhoPratico\Projeto_CG_Fase4\code\generator.cpp(11,9): warning C4996: 'fopen': This function or variable may be unsafe. Consider using fopen_s instead. To disable deprecation, use _CRT_SECURE_NO_WARNINGS. See online help for details.
C:\Users\jdtcs\OneDrive\Ambiente de Trabalho\Uni\3ano\CG\TrabalhoPratico\Projeto_CG_Fase4\code\generator.cpp(96,21): warning C4244: 'inicializando': conversão de 'double' para 'int', possível perda de dados
C:\Users\jdtcs\OneDrive\Ambiente de Trabalho\Uni\3ano\CG\TrabalhoPratico\Projeto_CG_Fase4\code\generator.cpp(93,9): warning C4996: 'fopen': This function or variable may be unsafe. Consider using fopen_s instead. To disable deprecation, use _CRT_SECURE_NO_WARNINGS. See online help for details.
C:\Users\jdtcs\OneDrive\Ambiente de Trabalho\Uni\3ano\CG\TrabalhoPratico\Projeto_CG_Fase4\code\generator.cpp(310,21): warning C4244: 'inicializando': conversão de 'double' para 'float', possível perda de dados
C:\Users\jdtcs\OneDrive\Ambiente de Trabalho\Uni\3ano\CG\TrabalhoPratico\Projeto_CG_Fase4\code\generator.cpp(311,22): warning C4244: 'inicializando': conversão de 'double' para 'float', possível perda de dados
C:\Users\jdtcs\OneDrive\Ambiente de Trabalho\Uni\3ano\CG\TrabalhoPratico\Projeto_CG_Fase4\code\generator.cpp(314,17): warning C4244: 'inicializando': conversão de 'double' para 'float', possível perda de dados
C:\Users\jdtcs\OneDrive\Ambiente de Trabalho\Uni\3ano\CG\TrabalhoPratico\Projeto_CG_Fase4\code\generator.cpp(315,18): warning C4244: 'inicializando': conversão de 'double' para 'float', possível perda de dados
C:\Users\jdtcs\OneDrive\Ambiente de Trabalho\Uni\3ano\CG\TrabalhoPratico\Projeto_CG_Fase4\code\generator.cpp(326,34): warning C4244: 'inicializando': conversão de 'double' para 'float', possível perda de dados
C:\Users\jdtcs\OneDrive\Ambiente de Trabalho\Uni\3ano\CG\TrabalhoPratico\Projeto_CG_Fase4\code\generator.cpp(327,22): warning C4244: 'inicializando': conversão de 'double' para 'float', possível perda de dados
C:\Users\jdtcs\OneDrive\Ambiente de Trabalho\Uni\3ano\CG\TrabalhoPratico\Projeto_CG_Fase4\code\generator.cpp(328,22): warning C4244: 'inicializando': conversão de 'double' para 'float', possível perda de dados
C:\Users\jdtcs\OneDrive\Ambiente de Trabalho\Uni\3ano\CG\TrabalhoPratico\Projeto_CG_Fase4\code\generator.cpp(331,26): warning C4244: 'inicializando': conversão de 'double' para 'float', possível perda de dados
C:\Users\jdtcs\OneDrive\Ambiente de Trabalho\Uni\3ano\CG\TrabalhoPratico\Projeto_CG_Fase4\code\generator.cpp(332,26): warning C4244: 'inicializando': conversão de 'double' para 'float', possível perda de dados
C:\Users\jdtcs\OneDrive\Ambiente de Trabalho\Uni\3ano\CG\TrabalhoPratico\Projeto_CG_Fase4\code\generator.cpp(333,26): warning C4244: 'inicializando': conversão de 'double' para 'float', possível perda de dados
C:\Users\jdtcs\OneDrive\Ambiente de Trabalho\Uni\3ano\CG\TrabalhoPratico\Projeto_CG_Fase4\code\generator.cpp(334,26): warning C4244: 'inicializando': conversão de 'double' para 'float', possível perda de dados
C:\Users\jdtcs\OneDrive\Ambiente de Trabalho\Uni\3ano\CG\TrabalhoPratico\Projeto_CG_Fase4\code\generator.cpp(335,26): warning C4244: 'inicializando': conversão de 'double' para 'float', possível perda de dados
C:\Users\jdtcs\OneDrive\Ambiente de Trabalho\Uni\3ano\CG\TrabalhoPratico\Projeto_CG_Fase4\code\generator.cpp(336,26): warning C4244: 'inicializando': conversão de 'double' para 'float', possível perda de dados
C:\Users\jdtcs\OneDrive\Ambiente de Trabalho\Uni\3ano\CG\TrabalhoPratico\Projeto_CG_Fase4\code\generator.cpp(337,26): warning C4244: 'inicializando': conversão de 'double' para 'float', possível perda de dados
C:\Users\jdtcs\OneDrive\Ambiente de Trabalho\Uni\3ano\CG\TrabalhoPratico\Projeto_CG_Fase4\code\generator.cpp(338,26): warning C4244: 'inicializando': conversão de 'double' para 'float', possível perda de dados
C:\Users\jdtcs\OneDrive\Ambiente de Trabalho\Uni\3ano\CG\TrabalhoPratico\Projeto_CG_Fase4\code\generator.cpp(309,9): warning C4996: 'fopen': This function or variable may be unsafe. Consider using fopen_s instead. To disable deprecation, use _CRT_SECURE_NO_WARNINGS. See online help for details.
C:\Users\jdtcs\OneDrive\Ambiente de Trabalho\Uni\3ano\CG\TrabalhoPratico\Projeto_CG_Fase4\code\generator.cpp(391,21): warning C4244: 'inicializando': conversão de 'double' para 'float', possível perda de dados
C:\Users\jdtcs\OneDrive\Ambiente de Trabalho\Uni\3ano\CG\TrabalhoPratico\Projeto_CG_Fase4\code\generator.cpp(396,17): warning C4244: 'inicializando': conversão de 'double' para 'float', possível perda de dados
C:\Users\jdtcs\OneDrive\Ambiente de Trabalho\Uni\3ano\CG\TrabalhoPratico\Projeto_CG_Fase4\code\generator.cpp(397,18): warning C4244: 'inicializando': conversão de 'double' para 'float', possível perda de dados
C:\Users\jdtcs\OneDrive\Ambiente de Trabalho\Uni\3ano\CG\TrabalhoPratico\Projeto_CG_Fase4\code\generator.cpp(417,32): warning C4244: '=': conversão de 'double' para 'float', possível perda de dados
C:\Users\jdtcs\OneDrive\Ambiente de Trabalho\Uni\3ano\CG\TrabalhoPratico\Projeto_CG_Fase4\code\generator.cpp(417,80): warning C4244: '=': conversão de 'double' para 'float', possível perda de dados
C:\Users\jdtcs\OneDrive\Ambiente de Trabalho\Uni\3ano\CG\TrabalhoPratico\Projeto_CG_Fase4\code\generator.cpp(418,32): warning C4244: '=': conversão de 'double' para 'float', possível perda de dados
C:\Users\jdtcs\OneDrive\Ambiente de Trabalho\Uni\3ano\CG\TrabalhoPratico\Projeto_CG_Fase4\code\generator.cpp(418,68): warning C4244: '=': conversão de 'double' para 'float', possível perda de dados
C:\Users\jdtcs\OneDrive\Ambiente de Trabalho\Uni\3ano\CG\TrabalhoPratico\Projeto_CG_Fase4\code\generator.cpp(430,26): warning C4244: 'inicializando': conversão de 'double' para 'float', possível perda de dados
C:\Users\jdtcs\OneDrive\Ambiente de Trabalho\Uni\3ano\CG\TrabalhoPratico\Projeto_CG_Fase4\code\generator.cpp(431,26): warning C4244: 'inicializando': conversão de 'double' para 'float', possível perda de dados
C:\Users\jdtcs\OneDrive\Ambiente de Trabalho\Uni\3ano\CG\TrabalhoPratico\Projeto_CG_Fase4\code\generator.cpp(432,26): warning C4244: 'inicializando': conversão de 'double' para 'float', possível perda de dados
C:\Users\jdtcs\OneDrive\Ambiente de Trabalho\Uni\3ano\CG\TrabalhoPratico\Projeto_CG_Fase4\code\generator.cpp(433,26): warning C4244: 'inicializando': conversão de 'double' para 'float', possível perda de dados
C:\Users\jdtcs\OneDrive\Ambiente de Trabalho\Uni\3ano\CG\TrabalhoPratico\Projeto_CG_Fase4\code\generator.cpp(436,26): warning C4244: 'inicializando': conversão de 'double' para 'float', possível perda de dados
C:\Users\jdtcs\OneDrive\Ambiente de Trabalho\Uni\3ano\CG\TrabalhoPratico\Projeto_CG_Fase4\code\generator.cpp(437,26): warning C4244: 'inicializando': conversão de 'double' para 'float', possível perda de dados
C:\Users\jdtcs\OneDrive\Ambiente de Trabalho\Uni\3ano\CG\TrabalhoPratico\Projeto_CG_Fase4\code\generator.cpp(438,26): warning C4244: 'inicializando': conversão de 'double' para 'float', possível perda de dados
C:\Users\jdtcs\OneDrive\Ambiente de Trabalho\Uni\3ano\CG\TrabalhoPratico\Projeto_CG_Fase4\code\generator.cpp(439,26): warning C4244: 'inicializando': conversão de 'double' para 'float', possível perda de dados
C:\Users\jdtcs\OneDrive\Ambiente de Trabalho\Uni\3ano\CG\TrabalhoPratico\Projeto_CG_Fase4\code\generator.cpp(445,35): warning C4244: '=': conversão de 'double' para 'float', possível perda de dados
C:\Users\jdtcs\OneDrive\Ambiente de Trabalho\Uni\3ano\CG\TrabalhoPratico\Projeto_CG_Fase4\code\generator.cpp(445,103): warning C4244: '=': conversão de 'double' para 'float', possível perda de dados
C:\Users\jdtcs\OneDrive\Ambiente de Trabalho\Uni\3ano\CG\TrabalhoPratico\Projeto_CG_Fase4\code\generator.cpp(446,35): warning C4244: '=': conversão de 'double' para 'float', possível perda de dados
C:\Users\jdtcs\OneDrive\Ambiente de Trabalho\Uni\3ano\CG\TrabalhoPratico\Projeto_CG_Fase4\code\generator.cpp(446,115): warning C4244: '=': conversão de 'double' para 'float', possível perda de dados
C:\Users\jdtcs\OneDrive\Ambiente de Trabalho\Uni\3ano\CG\TrabalhoPratico\Projeto_CG_Fase4\code\generator.cpp(447,35): warning C4244: '=': conversão de 'double' para 'float', possível perda de dados
C:\Users\jdtcs\OneDrive\Ambiente de Trabalho\Uni\3ano\CG\TrabalhoPratico\Projeto_CG_Fase4\code\generator.cpp(447,103): warning C4244: '=': conversão de 'double' para 'float', possível perda de dados
C:\Users\jdtcs\OneDrive\Ambiente de Trabalho\Uni\3ano\CG\TrabalhoPratico\Projeto_CG_Fase4\code\generator.cpp(457,35): warning C4244: '=': conversão de 'double' para 'float', possível perda de dados
C:\Users\jdtcs\OneDrive\Ambiente de Trabalho\Uni\3ano\CG\TrabalhoPratico\Projeto_CG_Fase4\code\generator.cpp(457,103): warning C4244: '=': conversão de 'double' para 'float', possível perda de dados
C:\Users\jdtcs\OneDrive\Ambiente de Trabalho\Uni\3ano\CG\TrabalhoPratico\Projeto_CG_Fase4\code\generator.cpp(458,35): warning C4244: '=': conversão de 'double' para 'float', possível perda de dados
C:\Users\jdtcs\OneDrive\Ambiente de Trabalho\Uni\3ano\CG\TrabalhoPratico\Projeto_CG_Fase4\code\generator.cpp(458,115): warning C4244: '=': conversão de 'double' para 'float', possível perda de dados
C:\Users\jdtcs\OneDrive\Ambiente de Trabalho\Uni\3ano\CG\TrabalhoPratico\Projeto_CG_Fase4\code\generator.cpp(459,35): warning C4244: '=': conversão de 'double' para 'float', possível perda de dados
C:\Users\jdtcs\OneDrive\Ambiente de Trabalho\Uni\3ano\CG\TrabalhoPratico\Projeto_CG_Fase4\code\generator.cpp(459,115): warning C4244: '=': conversão de 'double' para 'float', possível perda de dados
C:\Users\jdtcs\OneDrive\Ambiente de Trabalho\Uni\3ano\CG\TrabalhoPratico\Projeto_CG_Fase4\code\generator.cpp(388,9): warning C4996: 'fopen': This function or variable may be unsafe. Consider using fopen_s instead. To disable deprecation, use _CRT_SECURE_NO_WARNINGS. See online help for details.
C:\Users\jdtcs\OneDrive\Ambiente de Trabalho\Uni\3ano\CG\TrabalhoPratico\Projeto_CG_Fase4\code\generator.cpp(493,22): warning C4244: 'inicializando': conversão de 'double' para 'float', possível perda de dados
C:\Users\jdtcs\OneDrive\Ambiente de Trabalho\Uni\3ano\CG\TrabalhoPratico\Projeto_CG_Fase4\code\generator.cpp(494,22): warning C4244: 'inicializando': conversão de 'double' para 'float', possível perda de dados
C:\Users\jdtcs\OneDrive\Ambiente de Trabalho\Uni\3ano\CG\TrabalhoPratico\Projeto_CG_Fase4\code\generator.cpp(498,17): warning C4244: 'inicializando': conversão de 'double' para 'float', possível perda de dados
C:\Users\jdtcs\OneDrive\Ambiente de Trabalho\Uni\3ano\CG\TrabalhoPratico\Projeto_CG_Fase4\code\generator.cpp(499,18): warning C4244: 'inicializando': conversão de 'double' para 'float', possível perda de dados
C:\Users\jdtcs\OneDrive\Ambiente de Trabalho\Uni\3ano\CG\TrabalhoPratico\Projeto_CG_Fase4\code\generator.cpp(510,25): warning C4244: 'inicializando': conversão de 'double' para 'float', possível perda de dados
C:\Users\jdtcs\OneDrive\Ambiente de Trabalho\Uni\3ano\CG\TrabalhoPratico\Projeto_CG_Fase4\code\generator.cpp(511,26): warning C4244: 'inicializando': conversão de 'double' para 'float', possível perda de dados
C:\Users\jdtcs\OneDrive\Ambiente de Trabalho\Uni\3ano\CG\TrabalhoPratico\Projeto_CG_Fase4\code\generator.cpp(512,26): warning C4244: 'inicializando': conversão de 'double' para 'float', possível perda de dados
C:\Users\jdtcs\OneDrive\Ambiente de Trabalho\Uni\3ano\CG\TrabalhoPratico\Projeto_CG_Fase4\code\generator.cpp(513,26): warning C4244: 'inicializando': conversão de 'double' para 'float', possível perda de dados
C:\Users\jdtcs\OneDrive\Ambiente de Trabalho\Uni\3ano\CG\TrabalhoPratico\Projeto_CG_Fase4\code\generator.cpp(514,25): warning C4244: 'inicializando': conversão de 'double' para 'float', possível perda de dados
C:\Users\jdtcs\OneDrive\Ambiente de Trabalho\Uni\3ano\CG\TrabalhoPratico\Projeto_CG_Fase4\code\generator.cpp(515,26): warning C4244: 'inicializando': conversão de 'double' para 'float', possível perda de dados
C:\Users\jdtcs\OneDrive\Ambiente de Trabalho\Uni\3ano\CG\TrabalhoPratico\Projeto_CG_Fase4\code\generator.cpp(516,26): warning C4244: 'inicializando': conversão de 'double' para 'float', possível perda de dados
C:\Users\jdtcs\OneDrive\Ambiente de Trabalho\Uni\3ano\CG\TrabalhoPratico\Projeto_CG_Fase4\code\generator.cpp(517,26): warning C4244: 'inicializando': conversão de 'double' para 'float', possível perda de dados
C:\Users\jdtcs\OneDrive\Ambiente de Trabalho\Uni\3ano\CG\TrabalhoPratico\Projeto_CG_Fase4\code\generator.cpp(518,25): warning C4244: 'inicializando': conversão de 'double' para 'float', possível perda de dados
C:\Users\jdtcs\OneDrive\Ambiente de Trabalho\Uni\3ano\CG\TrabalhoPratico\Projeto_CG_Fase4\code\generator.cpp(519,26): warning C4244: 'inicializando': conversão de 'double' para 'float', possível perda de dados
C:\Users\jdtcs\OneDrive\Ambiente de Trabalho\Uni\3ano\CG\TrabalhoPratico\Projeto_CG_Fase4\code\generator.cpp(525,39): warning C4244: '=': conversão de 'double' para 'float', possível perda de dados
C:\Users\jdtcs\OneDrive\Ambiente de Trabalho\Uni\3ano\CG\TrabalhoPratico\Projeto_CG_Fase4\code\generator.cpp(525,71): warning C4244: '=': conversão de 'double' para 'float', possível perda de dados
C:\Users\jdtcs\OneDrive\Ambiente de Trabalho\Uni\3ano\CG\TrabalhoPratico\Projeto_CG_Fase4\code\generator.cpp(525,99): warning C4244: '=': conversão de 'double' para 'float', possível perda de dados
C:\Users\jdtcs\OneDrive\Ambiente de Trabalho\Uni\3ano\CG\TrabalhoPratico\Projeto_CG_Fase4\code\generator.cpp(526,39): warning C4244: '=': conversão de 'double' para 'float', possível perda de dados
C:\Users\jdtcs\OneDrive\Ambiente de Trabalho\Uni\3ano\CG\TrabalhoPratico\Projeto_CG_Fase4\code\generator.cpp(526,84): warning C4244: '=': conversão de 'double' para 'float', possível perda de dados
C:\Users\jdtcs\OneDrive\Ambiente de Trabalho\Uni\3ano\CG\TrabalhoPratico\Projeto_CG_Fase4\code\generator.cpp(526,125): warning C4244: '=': conversão de 'double' para 'float', possível perda de dados
C:\Users\jdtcs\OneDrive\Ambiente de Trabalho\Uni\3ano\CG\TrabalhoPratico\Projeto_CG_Fase4\code\generator.cpp(527,52): warning C4244: '=': conversão de 'double' para 'float', possível perda de dados
C:\Users\jdtcs\OneDrive\Ambiente de Trabalho\Uni\3ano\CG\TrabalhoPratico\Projeto_CG_Fase4\code\generator.cpp(527,110): warning C4244: '=': conversão de 'double' para 'float', possível perda de dados
C:\Users\jdtcs\OneDrive\Ambiente de Trabalho\Uni\3ano\CG\TrabalhoPratico\Projeto_CG_Fase4\code\generator.cpp(527,151): warning C4244: '=': conversão de 'double' para 'float', possível perda de dados
C:\Users\jdtcs\OneDrive\Ambiente de Trabalho\Uni\3ano\CG\TrabalhoPratico\Projeto_CG_Fase4\code\generator.cpp(537,52): warning C4244: '=': conversão de 'double' para 'float', possível perda de dados
C:\Users\jdtcs\OneDrive\Ambiente de Trabalho\Uni\3ano\CG\TrabalhoPratico\Projeto_CG_Fase4\code\generator.cpp(537,110): warning C4244: '=': conversão de 'double' para 'float', possível perda de dados
C:\Users\jdtcs\OneDrive\Ambiente de Trabalho\Uni\3ano\CG\TrabalhoPratico\Projeto_CG_Fase4\code\generator.cpp(537,151): warning C4244: '=': conversão de 'double' para 'float', possível perda de dados
C:\Users\jdtcs\OneDrive\Ambiente de Trabalho\Uni\3ano\CG\TrabalhoPratico\Projeto_CG_Fase4\code\generator.cpp(538,52): warning C4244: '=': conversão de 'double' para 'float', possível perda de dados
C:\Users\jdtcs\OneDrive\Ambiente de Trabalho\Uni\3ano\CG\TrabalhoPratico\Projeto_CG_Fase4\code\generator.cpp(538,97): warning C4244: '=': conversão de 'double' para 'float', possível perda de dados
C:\Users\jdtcs\OneDrive\Ambiente de Trabalho\Uni\3ano\CG\TrabalhoPratico\Projeto_CG_Fase4\code\generator.cpp(538,125): warning C4244: '=': conversão de 'double' para 'float', possível perda de dados
C:\Users\jdtcs\OneDrive\Ambiente de Trabalho\Uni\3ano\CG\TrabalhoPratico\Projeto_CG_Fase4\code\generator.cpp(539,39): warning C4244: '=': conversão de 'double' para 'float', possível perda de dados
C:\Users\jdtcs\OneDrive\Ambiente de Trabalho\Uni\3ano\CG\TrabalhoPratico\Projeto_CG_Fase4\code\generator.cpp(539,71): warning C4244: '=': conversão de 'double' para 'float', possível perda de dados
C:\Users\jdtcs\OneDrive\Ambiente de Trabalho\Uni\3ano\CG\TrabalhoPratico\Projeto_CG_Fase4\code\generator.cpp(539,99): warning C4244: '=': conversão de 'double' para 'float', possível perda de dados
C:\Users\jdtcs\OneDrive\Ambiente de Trabalho\Uni\3ano\CG\TrabalhoPratico\Projeto_CG_Fase4\code\generator.cpp(491,9): warning C4996: 'fopen': This function or variable may be unsafe. Consider using fopen_s instead. To disable deprecation, use _CRT_SECURE_NO_WARNINGS. See online help for details.
C:\Users\jdtcs\OneDrive\Ambiente de Trabalho\Uni\3ano\CG\TrabalhoPratico\Projeto_CG_Fase4\code\generator.cpp(621,14): warning C4244: 'inicializando': conversão de 'double' para 'float', possível perda de dados
C:\Users\jdtcs\OneDrive\Ambiente de Trabalho\Uni\3ano\CG\TrabalhoPratico\Projeto_CG_Fase4\code\generator.cpp(677,32): warning C4244: 'inicializando': conversão de 'double' para 'float', possível perda de dados
C:\Users\jdtcs\OneDrive\Ambiente de Trabalho\Uni\3ano\CG\TrabalhoPratico\Projeto_CG_Fase4\code\generator.cpp(682,32): warning C4244: 'inicializando': conversão de 'double' para 'float', possível perda de dados
C:\Users\jdtcs\OneDrive\Ambiente de Trabalho\Uni\3ano\CG\TrabalhoPratico\Projeto_CG_Fase4\code\generator.cpp(696,20): warning C4244: 'inicializando': conversão de 'double' para 'float', possível perda de dados
C:\Users\jdtcs\OneDrive\Ambiente de Trabalho\Uni\3ano\CG\TrabalhoPratico\Projeto_CG_Fase4\code\generator.cpp(606,10): warning C4996: 'fopen': This function or variable may be unsafe. Consider using fopen_s instead. To disable deprecation, use _CRT_SECURE_NO_WARNINGS. See online help for details.
C:\Users\jdtcs\OneDrive\Ambiente de Trabalho\Uni\3ano\CG\TrabalhoPratico\Projeto_CG_Fase4\code\generator.cpp(607,10): warning C4996: 'fopen': This function or variable may be unsafe. Consider using fopen_s instead. To disable deprecation, use _CRT_SECURE_NO_WARNINGS. See online help for details.
C:\Users\jdtcs\OneDrive\Ambiente de Trabalho\Uni\3ano\CG\TrabalhoPratico\Projeto_CG_Fase4\code\generator.cpp(634,21): warning C4996: 'strncat': This function or variable may be unsafe. Consider using strncat_s instead. To disable deprecation, use _CRT_SECURE_NO_WARNINGS. See online help for details.
C:\Users\jdtcs\OneDrive\Ambiente de Trabalho\Uni\3ano\CG\TrabalhoPratico\Projeto_CG_Fase4\code\generator.cpp(659,21): warning C4996: 'strncat': This function or variable may be unsafe. Consider using strncat_s instead. To disable deprecation, use _CRT_SECURE_NO_WARNINGS. See online help for details.
C:\Users\jdtcs\OneDrive\Ambiente de Trabalho\Uni\3ano\CG\TrabalhoPratico\Projeto_CG_Fase4\code\generator.cpp(672,21): warning C4996: 'strncat': This function or variable may be unsafe. Consider using strncat_s instead. To disable deprecation, use _CRT_SECURE_NO_WARNINGS. See online help for details.
C:\Users\jdtcs\OneDrive\Ambiente de Trabalho\Uni\3ano\CG\TrabalhoPratico\Projeto_CG_Fase4\code\generator.cpp(692,21): warning C4996: 'strncat': This function or variable may be unsafe. Consider using strncat_s instead. To disable deprecation, use _CRT_SECURE_NO_WARNINGS. See online help for details.
C:\Users\jdtcs\OneDrive\Ambiente de Trabalho\Uni\3ano\CG\TrabalhoPratico\Projeto_CG_Fase4\code\generator.cpp(806,19): warning C4244: 'argumento': conversão de 'double' para 'float', possível perda de dados
C:\Users\jdtcs\OneDrive\Ambiente de Trabalho\Uni\3ano\CG\TrabalhoPratico\Projeto_CG_Fase4\code\generator.cpp(809,17): warning C4244: 'argumento': conversão de 'double' para 'float', possível perda de dados
C:\Users\jdtcs\OneDrive\Ambiente de Trabalho\Uni\3ano\CG\TrabalhoPratico\Projeto_CG_Fase4\code\generator.cpp(812,20): warning C4244: 'argumento': conversão de 'double' para 'float', possível perda de dados
C:\Users\jdtcs\OneDrive\Ambiente de Trabalho\Uni\3ano\CG\TrabalhoPratico\Projeto_CG_Fase4\code\generator.cpp(815,33): warning C4244: 'argumento': conversão de 'double' para 'float', possível perda de dados
C:\Users\jdtcs\OneDrive\Ambiente de Trabalho\Uni\3ano\CG\TrabalhoPratico\Projeto_CG_Fase4\code\generator.cpp(815,18): warning C4244: 'argumento': conversão de 'double' para 'float', possível perda de dados
C:\Users\jdtcs\OneDrive\Ambiente de Trabalho\Uni\3ano\CG\TrabalhoPratico\Projeto_CG_Fase4\code\generator.cpp(819,34): warning C4244: 'argumento': conversão de 'double' para 'float', possível perda de dados
C:\Users\jdtcs\OneDrive\Ambiente de Trabalho\Uni\3ano\CG\TrabalhoPratico\Projeto_CG_Fase4\code\generator.cpp(819,19): warning C4244: 'argumento': conversão de 'double' para 'float', possível perda de dados
C:\Users\jdtcs\OneDrive\Ambiente de Trabalho\Uni\3ano\CG\TrabalhoPratico\Projeto_CG_Fase4\code\generator.cpp(822,29): warning C4244: 'argumento': conversão de 'double' para 'int', possível perda de dados
  generator.vcxproj -> C:\Users\jdtcs\OneDrive\Ambiente de Trabalho\Uni\3ano\CG\TrabalhoPratico\Projeto_CG_Fase4\code\build3\Debug\generator.exe
