  generator.cpp
C:\Users\jdtcs\OneDrive\Ambiente de Trabalho\Uni\3ano\CG\TrabalhoPratico\fase1\code\generator.cpp(14,21): warning C4244: 'inicializando': conversão de 'double' para 'int', possível perda de dados
C:\Users\jdtcs\OneDrive\Ambiente de Trabalho\Uni\3ano\CG\TrabalhoPratico\fase1\code\generator.cpp(11,9): warning C4996: 'fopen': This function or variable may be unsafe. Consider using fopen_s instead. To disable deprecation, use _CRT_SECURE_NO_WARNINGS. See online help for details.
C:\Users\jdtcs\OneDrive\Ambiente de Trabalho\Uni\3ano\CG\TrabalhoPratico\fase1\code\generator.cpp(57,21): warning C4244: 'inicializando': conversão de 'double' para 'int', possível perda de dados
C:\Users\jdtcs\OneDrive\Ambiente de Trabalho\Uni\3ano\CG\TrabalhoPratico\fase1\code\generator.cpp(54,9): warning C4996: 'fopen': This function or variable may be unsafe. Consider using fopen_s instead. To disable deprecation, use _CRT_SECURE_NO_WARNINGS. See online help for details.
C:\Users\jdtcs\OneDrive\Ambiente de Trabalho\Uni\3ano\CG\TrabalhoPratico\fase1\code\generator.cpp(157,21): warning C4244: 'inicializando': conversão de 'double' para 'float', possível perda de dados
C:\Users\jdtcs\OneDrive\Ambiente de Trabalho\Uni\3ano\CG\TrabalhoPratico\fase1\code\generator.cpp(158,22): warning C4244: 'inicializando': conversão de 'double' para 'float', possível perda de dados
C:\Users\jdtcs\OneDrive\Ambiente de Trabalho\Uni\3ano\CG\TrabalhoPratico\fase1\code\generator.cpp(165,34): warning C4244: 'inicializando': conversão de 'double' para 'float', possível perda de dados
C:\Users\jdtcs\OneDrive\Ambiente de Trabalho\Uni\3ano\CG\TrabalhoPratico\fase1\code\generator.cpp(166,22): warning C4244: 'inicializando': conversão de 'double' para 'float', possível perda de dados
C:\Users\jdtcs\OneDrive\Ambiente de Trabalho\Uni\3ano\CG\TrabalhoPratico\fase1\code\generator.cpp(167,22): warning C4244: 'inicializando': conversão de 'double' para 'float', possível perda de dados
C:\Users\jdtcs\OneDrive\Ambiente de Trabalho\Uni\3ano\CG\TrabalhoPratico\fase1\code\generator.cpp(170,26): warning C4244: 'inicializando': conversão de 'double' para 'float', possível perda de dados
C:\Users\jdtcs\OneDrive\Ambiente de Trabalho\Uni\3ano\CG\TrabalhoPratico\fase1\code\generator.cpp(171,26): warning C4244: 'inicializando': conversão de 'double' para 'float', possível perda de dados
C:\Users\jdtcs\OneDrive\Ambiente de Trabalho\Uni\3ano\CG\TrabalhoPratico\fase1\code\generator.cpp(172,26): warning C4244: 'inicializando': conversão de 'double' para 'float', possível perda de dados
C:\Users\jdtcs\OneDrive\Ambiente de Trabalho\Uni\3ano\CG\TrabalhoPratico\fase1\code\generator.cpp(173,26): warning C4244: 'inicializando': conversão de 'double' para 'float', possível perda de dados
C:\Users\jdtcs\OneDrive\Ambiente de Trabalho\Uni\3ano\CG\TrabalhoPratico\fase1\code\generator.cpp(174,26): warning C4244: 'inicializando': conversão de 'double' para 'float', possível perda de dados
C:\Users\jdtcs\OneDrive\Ambiente de Trabalho\Uni\3ano\CG\TrabalhoPratico\fase1\code\generator.cpp(175,26): warning C4244: 'inicializando': conversão de 'double' para 'float', possível perda de dados
C:\Users\jdtcs\OneDrive\Ambiente de Trabalho\Uni\3ano\CG\TrabalhoPratico\fase1\code\generator.cpp(176,26): warning C4244: 'inicializando': conversão de 'double' para 'float', possível perda de dados
C:\Users\jdtcs\OneDrive\Ambiente de Trabalho\Uni\3ano\CG\TrabalhoPratico\fase1\code\generator.cpp(177,26): warning C4244: 'inicializando': conversão de 'double' para 'float', possível perda de dados
C:\Users\jdtcs\OneDrive\Ambiente de Trabalho\Uni\3ano\CG\TrabalhoPratico\fase1\code\generator.cpp(156,9): warning C4996: 'fopen': This function or variable may be unsafe. Consider using fopen_s instead. To disable deprecation, use _CRT_SECURE_NO_WARNINGS. See online help for details.
C:\Users\jdtcs\OneDrive\Ambiente de Trabalho\Uni\3ano\CG\TrabalhoPratico\fase1\code\generator.cpp(203,21): warning C4244: 'inicializando': conversão de 'double' para 'float', possível perda de dados
C:\Users\jdtcs\OneDrive\Ambiente de Trabalho\Uni\3ano\CG\TrabalhoPratico\fase1\code\generator.cpp(226,26): warning C4244: 'inicializando': conversão de 'double' para 'float', possível perda de dados
C:\Users\jdtcs\OneDrive\Ambiente de Trabalho\Uni\3ano\CG\TrabalhoPratico\fase1\code\generator.cpp(227,26): warning C4244: 'inicializando': conversão de 'double' para 'float', possível perda de dados
C:\Users\jdtcs\OneDrive\Ambiente de Trabalho\Uni\3ano\CG\TrabalhoPratico\fase1\code\generator.cpp(228,26): warning C4244: 'inicializando': conversão de 'double' para 'float', possível perda de dados
C:\Users\jdtcs\OneDrive\Ambiente de Trabalho\Uni\3ano\CG\TrabalhoPratico\fase1\code\generator.cpp(229,26): warning C4244: 'inicializando': conversão de 'double' para 'float', possível perda de dados
C:\Users\jdtcs\OneDrive\Ambiente de Trabalho\Uni\3ano\CG\TrabalhoPratico\fase1\code\generator.cpp(232,26): warning C4244: 'inicializando': conversão de 'double' para 'float', possível perda de dados
C:\Users\jdtcs\OneDrive\Ambiente de Trabalho\Uni\3ano\CG\TrabalhoPratico\fase1\code\generator.cpp(233,26): warning C4244: 'inicializando': conversão de 'double' para 'float', possível perda de dados
C:\Users\jdtcs\OneDrive\Ambiente de Trabalho\Uni\3ano\CG\TrabalhoPratico\fase1\code\generator.cpp(234,26): warning C4244: 'inicializando': conversão de 'double' para 'float', possível perda de dados
C:\Users\jdtcs\OneDrive\Ambiente de Trabalho\Uni\3ano\CG\TrabalhoPratico\fase1\code\generator.cpp(235,26): warning C4244: 'inicializando': conversão de 'double' para 'float', possível perda de dados
C:\Users\jdtcs\OneDrive\Ambiente de Trabalho\Uni\3ano\CG\TrabalhoPratico\fase1\code\generator.cpp(200,9): warning C4996: 'fopen': This function or variable may be unsafe. Consider using fopen_s instead. To disable deprecation, use _CRT_SECURE_NO_WARNINGS. See online help for details.
C:\Users\jdtcs\OneDrive\Ambiente de Trabalho\Uni\3ano\CG\TrabalhoPratico\fase1\code\generator.cpp(264,19): warning C4244: 'argumento': conversão de 'double' para 'float', possível perda de dados
C:\Users\jdtcs\OneDrive\Ambiente de Trabalho\Uni\3ano\CG\TrabalhoPratico\fase1\code\generator.cpp(267,17): warning C4244: 'argumento': conversão de 'double' para 'float', possível perda de dados
C:\Users\jdtcs\OneDrive\Ambiente de Trabalho\Uni\3ano\CG\TrabalhoPratico\fase1\code\generator.cpp(270,20): warning C4244: 'argumento': conversão de 'double' para 'float', possível perda de dados
C:\Users\jdtcs\OneDrive\Ambiente de Trabalho\Uni\3ano\CG\TrabalhoPratico\fase1\code\generator.cpp(273,33): warning C4244: 'argumento': conversão de 'double' para 'float', possível perda de dados
C:\Users\jdtcs\OneDrive\Ambiente de Trabalho\Uni\3ano\CG\TrabalhoPratico\fase1\code\generator.cpp(273,18): warning C4244: 'argumento': conversão de 'double' para 'float', possível perda de dados
  generator.vcxproj -> C:\Users\jdtcs\OneDrive\Ambiente de Trabalho\Uni\3ano\CG\TrabalhoPratico\fase1\code\build2\Debug\generator.exe
