  generator.cpp
C:\Users\jdtcs\OneDrive\Ambiente de Trabalho\Uni\3ano\CG\TrabalhoPratico\code\generator.cpp(14,21): warning C4244: 'inicializando': conversão de 'double' para 'int', possível perda de dados
C:\Users\jdtcs\OneDrive\Ambiente de Trabalho\Uni\3ano\CG\TrabalhoPratico\code\generator.cpp(11,9): warning C4996: 'fopen': This function or variable may be unsafe. Consider using fopen_s instead. To disable deprecation, use _CRT_SECURE_NO_WARNINGS. See online help for details.
C:\Users\jdtcs\OneDrive\Ambiente de Trabalho\Uni\3ano\CG\TrabalhoPratico\code\generator.cpp(57,21): warning C4244: 'inicializando': conversão de 'double' para 'int', possível perda de dados
C:\Users\jdtcs\OneDrive\Ambiente de Trabalho\Uni\3ano\CG\TrabalhoPratico\code\generator.cpp(54,9): warning C4996: 'fopen': This function or variable may be unsafe. Consider using fopen_s instead. To disable deprecation, use _CRT_SECURE_NO_WARNINGS. See online help for details.
C:\Users\jdtcs\OneDrive\Ambiente de Trabalho\Uni\3ano\CG\TrabalhoPratico\code\generator.cpp(157,21): warning C4244: 'inicializando': conversão de 'double' para 'float', possível perda de dados
C:\Users\jdtcs\OneDrive\Ambiente de Trabalho\Uni\3ano\CG\TrabalhoPratico\code\generator.cpp(158,22): warning C4244: 'inicializando': conversão de 'double' para 'float', possível perda de dados
C:\Users\jdtcs\OneDrive\Ambiente de Trabalho\Uni\3ano\CG\TrabalhoPratico\code\generator.cpp(165,34): warning C4244: 'inicializando': conversão de 'double' para 'float', possível perda de dados
C:\Users\jdtcs\OneDrive\Ambiente de Trabalho\Uni\3ano\CG\TrabalhoPratico\code\generator.cpp(166,22): warning C4244: 'inicializando': conversão de 'double' para 'float', possível perda de dados
C:\Users\jdtcs\OneDrive\Ambiente de Trabalho\Uni\3ano\CG\TrabalhoPratico\code\generator.cpp(167,22): warning C4244: 'inicializando': conversão de 'double' para 'float', possível perda de dados
C:\Users\jdtcs\OneDrive\Ambiente de Trabalho\Uni\3ano\CG\TrabalhoPratico\code\generator.cpp(170,26): warning C4244: 'inicializando': conversão de 'double' para 'float', possível perda de dados
C:\Users\jdtcs\OneDrive\Ambiente de Trabalho\Uni\3ano\CG\TrabalhoPratico\code\generator.cpp(171,26): warning C4244: 'inicializando': conversão de 'double' para 'float', possível perda de dados
C:\Users\jdtcs\OneDrive\Ambiente de Trabalho\Uni\3ano\CG\TrabalhoPratico\code\generator.cpp(172,26): warning C4244: 'inicializando': conversão de 'double' para 'float', possível perda de dados
C:\Users\jdtcs\OneDrive\Ambiente de Trabalho\Uni\3ano\CG\TrabalhoPratico\code\generator.cpp(173,26): warning C4244: 'inicializando': conversão de 'double' para 'float', possível perda de dados
C:\Users\jdtcs\OneDrive\Ambiente de Trabalho\Uni\3ano\CG\TrabalhoPratico\code\generator.cpp(174,26): warning C4244: 'inicializando': conversão de 'double' para 'float', possível perda de dados
C:\Users\jdtcs\OneDrive\Ambiente de Trabalho\Uni\3ano\CG\TrabalhoPratico\code\generator.cpp(175,26): warning C4244: 'inicializando': conversão de 'double' para 'float', possível perda de dados
C:\Users\jdtcs\OneDrive\Ambiente de Trabalho\Uni\3ano\CG\TrabalhoPratico\code\generator.cpp(176,26): warning C4244: 'inicializando': conversão de 'double' para 'float', possível perda de dados
C:\Users\jdtcs\OneDrive\Ambiente de Trabalho\Uni\3ano\CG\TrabalhoPratico\code\generator.cpp(177,26): warning C4244: 'inicializando': conversão de 'double' para 'float', possível perda de dados
C:\Users\jdtcs\OneDrive\Ambiente de Trabalho\Uni\3ano\CG\TrabalhoPratico\code\generator.cpp(156,9): warning C4996: 'fopen': This function or variable may be unsafe. Consider using fopen_s instead. To disable deprecation, use _CRT_SECURE_NO_WARNINGS. See online help for details.
C:\Users\jdtcs\OneDrive\Ambiente de Trabalho\Uni\3ano\CG\TrabalhoPratico\code\generator.cpp(203,21): warning C4244: 'inicializando': conversão de 'double' para 'float', possível perda de dados
C:\Users\jdtcs\OneDrive\Ambiente de Trabalho\Uni\3ano\CG\TrabalhoPratico\code\generator.cpp(226,26): warning C4244: 'inicializando': conversão de 'double' para 'float', possível perda de dados
C:\Users\jdtcs\OneDrive\Ambiente de Trabalho\Uni\3ano\CG\TrabalhoPratico\code\generator.cpp(227,26): warning C4244: 'inicializando': conversão de 'double' para 'float', possível perda de dados
C:\Users\jdtcs\OneDrive\Ambiente de Trabalho\Uni\3ano\CG\TrabalhoPratico\code\generator.cpp(228,26): warning C4244: 'inicializando': conversão de 'double' para 'float', possível perda de dados
C:\Users\jdtcs\OneDrive\Ambiente de Trabalho\Uni\3ano\CG\TrabalhoPratico\code\generator.cpp(229,26): warning C4244: 'inicializando': conversão de 'double' para 'float', possível perda de dados
C:\Users\jdtcs\OneDrive\Ambiente de Trabalho\Uni\3ano\CG\TrabalhoPratico\code\generator.cpp(232,26): warning C4244: 'inicializando': conversão de 'double' para 'float', possível perda de dados
C:\Users\jdtcs\OneDrive\Ambiente de Trabalho\Uni\3ano\CG\TrabalhoPratico\code\generator.cpp(233,26): warning C4244: 'inicializando': conversão de 'double' para 'float', possível perda de dados
C:\Users\jdtcs\OneDrive\Ambiente de Trabalho\Uni\3ano\CG\TrabalhoPratico\code\generator.cpp(234,26): warning C4244: 'inicializando': conversão de 'double' para 'float', possível perda de dados
C:\Users\jdtcs\OneDrive\Ambiente de Trabalho\Uni\3ano\CG\TrabalhoPratico\code\generator.cpp(235,26): warning C4244: 'inicializando': conversão de 'double' para 'float', possível perda de dados
C:\Users\jdtcs\OneDrive\Ambiente de Trabalho\Uni\3ano\CG\TrabalhoPratico\code\generator.cpp(200,9): warning C4996: 'fopen': This function or variable may be unsafe. Consider using fopen_s instead. To disable deprecation, use _CRT_SECURE_NO_WARNINGS. See online help for details.
C:\Users\jdtcs\OneDrive\Ambiente de Trabalho\Uni\3ano\CG\TrabalhoPratico\code\generator.cpp(261,22): warning C4244: 'inicializando': conversão de 'double' para 'float', possível perda de dados
C:\Users\jdtcs\OneDrive\Ambiente de Trabalho\Uni\3ano\CG\TrabalhoPratico\code\generator.cpp(262,22): warning C4244: 'inicializando': conversão de 'double' para 'float', possível perda de dados
C:\Users\jdtcs\OneDrive\Ambiente de Trabalho\Uni\3ano\CG\TrabalhoPratico\code\generator.cpp(271,25): warning C4244: 'inicializando': conversão de 'double' para 'float', possível perda de dados
C:\Users\jdtcs\OneDrive\Ambiente de Trabalho\Uni\3ano\CG\TrabalhoPratico\code\generator.cpp(272,26): warning C4244: 'inicializando': conversão de 'double' para 'float', possível perda de dados
C:\Users\jdtcs\OneDrive\Ambiente de Trabalho\Uni\3ano\CG\TrabalhoPratico\code\generator.cpp(273,26): warning C4244: 'inicializando': conversão de 'double' para 'float', possível perda de dados
C:\Users\jdtcs\OneDrive\Ambiente de Trabalho\Uni\3ano\CG\TrabalhoPratico\code\generator.cpp(274,26): warning C4244: 'inicializando': conversão de 'double' para 'float', possível perda de dados
C:\Users\jdtcs\OneDrive\Ambiente de Trabalho\Uni\3ano\CG\TrabalhoPratico\code\generator.cpp(275,25): warning C4244: 'inicializando': conversão de 'double' para 'float', possível perda de dados
C:\Users\jdtcs\OneDrive\Ambiente de Trabalho\Uni\3ano\CG\TrabalhoPratico\code\generator.cpp(276,26): warning C4244: 'inicializando': conversão de 'double' para 'float', possível perda de dados
C:\Users\jdtcs\OneDrive\Ambiente de Trabalho\Uni\3ano\CG\TrabalhoPratico\code\generator.cpp(277,26): warning C4244: 'inicializando': conversão de 'double' para 'float', possível perda de dados
C:\Users\jdtcs\OneDrive\Ambiente de Trabalho\Uni\3ano\CG\TrabalhoPratico\code\generator.cpp(278,26): warning C4244: 'inicializando': conversão de 'double' para 'float', possível perda de dados
C:\Users\jdtcs\OneDrive\Ambiente de Trabalho\Uni\3ano\CG\TrabalhoPratico\code\generator.cpp(279,25): warning C4244: 'inicializando': conversão de 'double' para 'float', possível perda de dados
C:\Users\jdtcs\OneDrive\Ambiente de Trabalho\Uni\3ano\CG\TrabalhoPratico\code\generator.cpp(280,26): warning C4244: 'inicializando': conversão de 'double' para 'float', possível perda de dados
C:\Users\jdtcs\OneDrive\Ambiente de Trabalho\Uni\3ano\CG\TrabalhoPratico\code\generator.cpp(259,9): warning C4996: 'fopen': This function or variable may be unsafe. Consider using fopen_s instead. To disable deprecation, use _CRT_SECURE_NO_WARNINGS. See online help for details.
C:\Users\jdtcs\OneDrive\Ambiente de Trabalho\Uni\3ano\CG\TrabalhoPratico\code\generator.cpp(354,14): warning C4244: 'inicializando': conversão de 'double' para 'float', possível perda de dados
C:\Users\jdtcs\OneDrive\Ambiente de Trabalho\Uni\3ano\CG\TrabalhoPratico\code\generator.cpp(419,32): warning C4244: 'inicializando': conversão de 'double' para 'float', possível perda de dados
C:\Users\jdtcs\OneDrive\Ambiente de Trabalho\Uni\3ano\CG\TrabalhoPratico\code\generator.cpp(426,32): warning C4244: 'inicializando': conversão de 'double' para 'float', possível perda de dados
C:\Users\jdtcs\OneDrive\Ambiente de Trabalho\Uni\3ano\CG\TrabalhoPratico\code\generator.cpp(442,20): warning C4244: 'inicializando': conversão de 'double' para 'float', possível perda de dados
C:\Users\jdtcs\OneDrive\Ambiente de Trabalho\Uni\3ano\CG\TrabalhoPratico\code\generator.cpp(339,10): warning C4996: 'fopen': This function or variable may be unsafe. Consider using fopen_s instead. To disable deprecation, use _CRT_SECURE_NO_WARNINGS. See online help for details.
C:\Users\jdtcs\OneDrive\Ambiente de Trabalho\Uni\3ano\CG\TrabalhoPratico\code\generator.cpp(340,10): warning C4996: 'fopen': This function or variable may be unsafe. Consider using fopen_s instead. To disable deprecation, use _CRT_SECURE_NO_WARNINGS. See online help for details.
C:\Users\jdtcs\OneDrive\Ambiente de Trabalho\Uni\3ano\CG\TrabalhoPratico\code\generator.cpp(371,21): warning C4996: 'strncat': This function or variable may be unsafe. Consider using strncat_s instead. To disable deprecation, use _CRT_SECURE_NO_WARNINGS. See online help for details.
C:\Users\jdtcs\OneDrive\Ambiente de Trabalho\Uni\3ano\CG\TrabalhoPratico\code\generator.cpp(400,21): warning C4996: 'strncat': This function or variable may be unsafe. Consider using strncat_s instead. To disable deprecation, use _CRT_SECURE_NO_WARNINGS. See online help for details.
C:\Users\jdtcs\OneDrive\Ambiente de Trabalho\Uni\3ano\CG\TrabalhoPratico\code\generator.cpp(413,21): warning C4996: 'strncat': This function or variable may be unsafe. Consider using strncat_s instead. To disable deprecation, use _CRT_SECURE_NO_WARNINGS. See online help for details.
C:\Users\jdtcs\OneDrive\Ambiente de Trabalho\Uni\3ano\CG\TrabalhoPratico\code\generator.cpp(437,21): warning C4996: 'strncat': This function or variable may be unsafe. Consider using strncat_s instead. To disable deprecation, use _CRT_SECURE_NO_WARNINGS. See online help for details.
C:\Users\jdtcs\OneDrive\Ambiente de Trabalho\Uni\3ano\CG\TrabalhoPratico\code\generator.cpp(557,19): warning C4244: 'argumento': conversão de 'double' para 'float', possível perda de dados
C:\Users\jdtcs\OneDrive\Ambiente de Trabalho\Uni\3ano\CG\TrabalhoPratico\code\generator.cpp(560,17): warning C4244: 'argumento': conversão de 'double' para 'float', possível perda de dados
C:\Users\jdtcs\OneDrive\Ambiente de Trabalho\Uni\3ano\CG\TrabalhoPratico\code\generator.cpp(563,20): warning C4244: 'argumento': conversão de 'double' para 'float', possível perda de dados
C:\Users\jdtcs\OneDrive\Ambiente de Trabalho\Uni\3ano\CG\TrabalhoPratico\code\generator.cpp(566,33): warning C4244: 'argumento': conversão de 'double' para 'float', possível perda de dados
C:\Users\jdtcs\OneDrive\Ambiente de Trabalho\Uni\3ano\CG\TrabalhoPratico\code\generator.cpp(566,18): warning C4244: 'argumento': conversão de 'double' para 'float', possível perda de dados
C:\Users\jdtcs\OneDrive\Ambiente de Trabalho\Uni\3ano\CG\TrabalhoPratico\code\generator.cpp(570,34): warning C4244: 'argumento': conversão de 'double' para 'float', possível perda de dados
C:\Users\jdtcs\OneDrive\Ambiente de Trabalho\Uni\3ano\CG\TrabalhoPratico\code\generator.cpp(570,19): warning C4244: 'argumento': conversão de 'double' para 'float', possível perda de dados
C:\Users\jdtcs\OneDrive\Ambiente de Trabalho\Uni\3ano\CG\TrabalhoPratico\code\generator.cpp(573,29): warning C4244: 'argumento': conversão de 'double' para 'int', possível perda de dados
  generator.vcxproj -> C:\Users\jdtcs\OneDrive\Ambiente de Trabalho\Uni\3ano\CG\TrabalhoPratico\code\build\Debug\generator.exe
